c:\users\bojan\source\repos\projekat\projekat\debug\vc141.pdb
c:\users\bojan\source\repos\projekat\projekat\debug\vc141.idb
c:\users\bojan\source\repos\projekat\projekat\debug\main.obj
c:\users\bojan\documents\github\osi2017-grupa-2\projekat\projekat\debug\vc141.pdb
c:\users\bojan\documents\github\osi2017-grupa-2\projekat\projekat\debug\vc141.idb
c:\users\bojan\documents\github\osi2017-grupa-2\projekat\projekat\debug\main.obj
c:\users\bojan\documents\github\osi2017-grupa-2\projekat\projekat\debug\osi.obj
c:\users\bojan\documents\github\osi2017-grupa-2\projekat\projekat\debug\format3.obj
c:\users\bojan\documents\github\osi2017-grupa-2\projekat\projekat\debug\format4.obj
c:\users\bojan\source\repos\projekat\debug\projekat.exe
c:\users\bojan\source\repos\projekat\debug\projekat.ilk
c:\users\bojan\source\repos\projekat\debug\projekat.pdb
c:\users\bojan\documents\github\osi2017-grupa-2\projekat\debug\projekat.exe
c:\users\bojan\documents\github\osi2017-grupa-2\projekat\debug\projekat.ilk
c:\users\bojan\documents\github\osi2017-grupa-2\projekat\debug\projekat.pdb
c:\users\bojan\documents\github\osi2017-grupa-2\projekat\projekat\debug\projekat.tlog\cl.command.1.tlog
c:\users\bojan\documents\github\osi2017-grupa-2\projekat\projekat\debug\projekat.tlog\cl.read.1.tlog
c:\users\bojan\documents\github\osi2017-grupa-2\projekat\projekat\debug\projekat.tlog\cl.write.1.tlog
c:\users\bojan\documents\github\osi2017-grupa-2\projekat\projekat\debug\projekat.tlog\link.command.1.tlog
c:\users\bojan\documents\github\osi2017-grupa-2\projekat\projekat\debug\projekat.tlog\link.read.1.tlog
c:\users\bojan\documents\github\osi2017-grupa-2\projekat\projekat\debug\projekat.tlog\link.write.1.tlog
